<?xml version="1.0" encoding="UTF-8"?>
<!-- Generated by org.testng.reporters.JUnitReportReporter -->
<testsuite hostname="comores" failures="0" tests="1" name="com.GenAutoTest.prg.operations2" time="36.418" errors="0" timestamp="2023-02-20T14:40:00 WAT" skipped="0">
  <testcase classname="com.GenAutoTest.prg.operations2" name="testOpe" time="36.418"/>
  <system-out/>
</testsuite> <!-- com.GenAutoTest.prg.operations2 -->
