<?xml version="1.0" encoding="UTF-8"?>
<!-- Generated by org.testng.reporters.JUnitReportReporter -->
<testsuite hostname="comores" failures="0" tests="1" name="com.GenAutoTest.prg.operations" time="48.835" errors="0" timestamp="2023-02-16T16:19:24 WAT" skipped="0">
  <testcase classname="com.GenAutoTest.prg.operations" name="testOpe" time="48.835"/>
  <system-out/>
</testsuite> <!-- com.GenAutoTest.prg.operations -->
